{"F:\\github\\Task-Force-Challenge-Mobile\\App.js": {"path":"F:\\github\\Task-Force-Challenge-Mobile\\App.js","statementMap":{"0":{"start":{"line":9,"column":22},"end":{"line":16,"column":4}},"1":{"start":{"line":17,"column":2},"end":{"line":19,"column":3}},"2":{"start":{"line":18,"column":4},"end":{"line":18,"column":26}},"3":{"start":{"line":20,"column":2},"end":{"line":28,"column":4}},"4":{"start":{"line":31,"column":15},"end":{"line":38,"column":2}}},"fnMap":{"0":{"name":"App","decl":{"start":{"line":8,"column":24},"end":{"line":8,"column":27}},"loc":{"start":{"line":8,"column":30},"end":{"line":29,"column":1}},"line":8}},"branchMap":{"0":{"loc":{"start":{"line":17,"column":2},"end":{"line":19,"column":3}},"type":"if","locations":[{"start":{"line":17,"column":2},"end":{"line":19,"column":3}},{"start":{"line":17,"column":2},"end":{"line":19,"column":3}}],"line":17}},"s":{"0":1,"1":1,"2":1,"3":0,"4":1},"f":{"0":1},"b":{"0":[1,0]},"_coverageSchema":"1a1c01bbd47fc00a2c39e90264f33305004495a9","hash":"29a134f057db76d2128bec9e250af8b46916a602"}
,"F:\\github\\Task-Force-Challenge-Mobile\\components\\common\\Button.js": {"path":"F:\\github\\Task-Force-Challenge-Mobile\\components\\common\\Button.js","statementMap":{},"fnMap":{},"branchMap":{},"s":{},"f":{},"b":{}}
,"F:\\github\\Task-Force-Challenge-Mobile\\components\\common\\InputField.js": {"path":"F:\\github\\Task-Force-Challenge-Mobile\\components\\common\\InputField.js","statementMap":{},"fnMap":{},"branchMap":{},"s":{},"f":{},"b":{}}
,"F:\\github\\Task-Force-Challenge-Mobile\\utils\\colors.js": {"path":"F:\\github\\Task-Force-Challenge-Mobile\\utils\\colors.js","statementMap":{},"fnMap":{},"branchMap":{},"s":{},"f":{},"b":{}}
,"F:\\github\\Task-Force-Challenge-Mobile\\utils\\dimensions.js": {"path":"F:\\github\\Task-Force-Challenge-Mobile\\utils\\dimensions.js","statementMap":{"0":{"start":{"line":3,"column":31},"end":{"line":3,"column":61}},"1":{"start":{"line":4,"column":32},"end":{"line":4,"column":63}}},"fnMap":{},"branchMap":{},"s":{"0":0,"1":0},"f":{},"b":{}}
,"F:\\github\\Task-Force-Challenge-Mobile\\utils\\platfrom.js": {"path":"F:\\github\\Task-Force-Challenge-Mobile\\utils\\platfrom.js","statementMap":{"0":{"start":{"line":3,"column":25},"end":{"line":3,"column":36}}},"fnMap":{},"branchMap":{},"s":{"0":0},"f":{},"b":{}}
}
