TN:
SF:App.js
FN:8,App
FNF:1
FNH:1
FNDA:1,App
DA:9,1
DA:14,1
DA:15,1
DA:17,0
DA:28,1
LF:5
LH:4
BRDA:14,0,0,1
BRDA:14,0,1,0
BRF:2
BRH:1
end_of_record
TN:
SF:components\common\AppButton.js
FN:5,(anonymous_0)
FNF:1
FNH:0
FNDA:0,(anonymous_0)
DA:5,0
DA:6,0
DA:18,0
LF:3
LH:0
BRDA:5,0,0,0
BRDA:5,1,0,0
BRF:2
BRH:0
end_of_record
TN:
SF:components\common\AppText.js
FN:5,AppText
FNF:1
FNH:0
FNDA:0,AppText
DA:6,0
DA:13,0
LF:2
LH:0
BRF:0
BRH:0
end_of_record
TN:
SF:components\common\AppTextInput.js
FN:6,AppTextInput
FNF:1
FNH:0
FNDA:0,AppTextInput
DA:10,0
DA:21,0
LF:2
LH:0
BRDA:6,0,0,0
BRF:1
BRH:0
end_of_record
TN:
SF:components\common\Card.js
FNF:0
FNH:0
LF:0
LH:0
BRF:0
BRH:0
end_of_record
TN:
SF:components\common\form\ErrorMessage.js
FN:7,ErrorMessage
FNF:1
FNH:0
FNDA:0,ErrorMessage
DA:8,0
DA:10,0
DA:13,0
LF:3
LH:0
BRDA:8,0,0,0
BRDA:8,0,1,0
BRDA:8,1,0,0
BRDA:8,1,1,0
BRF:4
BRH:0
end_of_record
TN:
SF:components\common\form\Form.js
FN:4,AppForm
FN:11,(anonymous_1)
FNF:2
FNH:0
FNDA:0,AppForm
FNDA:0,(anonymous_1)
DA:5,0
DA:11,0
LF:2
LH:0
BRF:0
BRH:0
end_of_record
TN:
SF:components\common\form\FormField.js
FN:8,AppFormField
FN:22,(anonymous_1)
FN:23,(anonymous_2)
FNF:3
FNH:0
FNDA:0,AppFormField
FNDA:0,(anonymous_1)
FNDA:0,(anonymous_2)
DA:15,0
DA:17,0
DA:22,0
DA:23,0
LF:4
LH:0
BRF:0
BRH:0
end_of_record
TN:
SF:components\common\form\SubmitButton.js
FN:6,SubmitButton
FNF:1
FNH:0
FNDA:0,SubmitButton
DA:7,0
DA:9,0
LF:2
LH:0
BRF:0
BRH:0
end_of_record
TN:
SF:screens\Homescreen.js
FNF:0
FNH:0
LF:0
LH:0
BRF:0
BRH:0
end_of_record
TN:
SF:screens\NewTaskScreen.js
FN:20,(anonymous_0)
FN:41,(anonymous_1)
FNF:2
FNH:0
FNDA:0,(anonymous_0)
FNDA:0,(anonymous_1)
DA:15,0
DA:20,0
DA:29,0
DA:41,0
DA:111,0
LF:5
LH:0
BRF:0
BRH:0
end_of_record
TN:
SF:utils\colors.js
FNF:0
FNH:0
LF:0
LH:0
BRF:0
BRH:0
end_of_record
TN:
SF:utils\dimensions.js
FNF:0
FNH:0
DA:3,0
DA:4,0
LF:2
LH:0
BRF:0
BRH:0
end_of_record
TN:
SF:utils\platform.js
FNF:0
FNH:0
DA:3,0
LF:1
LH:0
BRF:0
BRH:0
end_of_record
